Arguments: 
  /home/henrique/.nvm/versions/node/v18.12.1/bin/node /home/henrique/.nvm/versions/node/v18.12.1/bin/yarn add react-native-bluetooth-escops-printer

PATH: 
  /home/henrique/.nvm/versions/node/v18.12.1/bin:/usr/local/sbin:/usr/local/bin:/usr/sbin:/usr/bin:/sbin:/bin:/usr/games:/usr/local/games:/snap/bin:/home/henrique/android-sdks/platform-tools/:/home/henrique/android-sdks/tools/:/home/henrique/Android/Sdk/tools:/home/henrique/Android/Sdk/platform-tools

Yarn version: 
  1.22.19

Node version: 
  18.12.1

Platform: 
  linux x64

Trace: 
  Error: https://registry.yarnpkg.com/react-native-bluetooth-escops-printer: Not found
      at params.callback [as _callback] (/home/henrique/.nvm/versions/node/v18.12.1/lib/node_modules/yarn/lib/cli.js:66145:18)
      at self.callback (/home/henrique/.nvm/versions/node/v18.12.1/lib/node_modules/yarn/lib/cli.js:140890:22)
      at Request.emit (node:events:513:28)
      at Request.<anonymous> (/home/henrique/.nvm/versions/node/v18.12.1/lib/node_modules/yarn/lib/cli.js:141862:10)
      at Request.emit (node:events:513:28)
      at IncomingMessage.<anonymous> (/home/henrique/.nvm/versions/node/v18.12.1/lib/node_modules/yarn/lib/cli.js:141784:12)
      at Object.onceWrapper (node:events:627:28)
      at IncomingMessage.emit (node:events:525:35)
      at endReadableNT (node:internal/streams/readable:1359:12)
      at process.processTicksAndRejections (node:internal/process/task_queues:82:21)

npm manifest: 
  {
    "name": "app",
    "version": "1.0.0",
    "scripts": {
      "start": "expo start --dev-client",
      "android": "expo run:android",
      "ios": "expo run:ios",
      "web": "expo start --web"
    },
    "dependencies": {
      "expo": "~48.0.15",
      "expo-status-bar": "~1.4.4",
      "react": "18.2.0",
      "react-native": "0.71.7",
      "expo-splash-screen": "~0.18.2"
    },
    "devDependencies": {
      "@babel/core": "^7.20.0"
    },
    "private": true
  }

yarn manifest: 
  No manifest

Lockfile: 
  No lockfile
